  29 함수연습.c
C:\js\Cproject\Project1\29 함수연습.c(8,42): error C2143: 구문 오류: ')'이(가) '형식' 앞에 없습니다.
C:\js\Cproject\Project1\29 함수연습.c(8,49): error C2059: 구문 오류: ')'
C:\js\Cproject\Project1\29 함수연습.c(8,46): error C2085: 'sum': 정식 매개 변수 목록에 없습니다.
C:\js\Cproject\Project1\29 함수연습.c(9,1): error C2143: 구문 오류: ';'이(가) '{' 앞에 없습니다.
C:\js\Cproject\Project1\29 함수연습.c(12,7): error C2065: 'sum': 선언되지 않은 식별자입니다.
C:\js\Cproject\Project1\29 함수연습.c(14,24): error C2065: 'idx': 선언되지 않은 식별자입니다.
C:\js\Cproject\Project1\29 함수연습.c(14,38): error C2065: 'idx': 선언되지 않은 식별자입니다.
C:\js\Cproject\Project1\29 함수연습.c(18,15): error C2065: 'idx': 선언되지 않은 식별자입니다.
C:\js\Cproject\Project1\29 함수연습.c(20,3): warning C4013: 'Backtraking'이(가) 정의되지 않았습니다. extern은 int형을 반환하는 것으로 간주합니다.
C:\js\Cproject\Project1\29 함수연습.c(20,32): error C2065: 'sum': 선언되지 않은 식별자입니다.
